0 info it worked if it ends with ok
1 verbose cli [ '/usr/local/bin/node',
1 verbose cli   '/usr/local/bin/npm',
1 verbose cli   'install',
1 verbose cli   '-g',
1 verbose cli   'react-tools' ]
2 info using npm@2.11.3
3 info using node@v0.12.7
4 verbose install initial load of /usr/local/lib/package.json
5 verbose readDependencies loading dependencies from /usr/local/lib/package.json
6 silly cache add args [ 'react-tools', null ]
7 verbose cache add spec react-tools
8 silly cache add parsed spec { raw: 'react-tools',
8 silly cache add   scope: null,
8 silly cache add   name: 'react-tools',
8 silly cache add   rawSpec: '',
8 silly cache add   spec: '*',
8 silly cache add   type: 'range' }
9 silly addNamed react-tools@*
10 verbose addNamed "*" is a valid semver range for react-tools
11 silly addNameRange { name: 'react-tools', range: '*', hasData: false }
12 silly mapToRegistry name react-tools
13 silly mapToRegistry using default registry
14 silly mapToRegistry registry https://registry.npmjs.org/
15 silly mapToRegistry uri https://registry.npmjs.org/react-tools
16 verbose addNameRange registry:https://registry.npmjs.org/react-tools not in flight; fetching
17 verbose request uri https://registry.npmjs.org/react-tools
18 verbose request no auth needed
19 info attempt registry request try #1 at 07:07:10
20 verbose request id 66d6e9f42d201fa2
21 verbose etag "DRFCXTVL14RY2DI1GQLGY4X4L"
22 http request GET https://registry.npmjs.org/react-tools
23 http 304 https://registry.npmjs.org/react-tools
24 silly get cb [ 304,
24 silly get   { date: 'Tue, 18 Aug 2015 11:07:15 GMT',
24 silly get     via: '1.1 varnish',
24 silly get     'cache-control': 'max-age=60',
24 silly get     etag: '"DRFCXTVL14RY2DI1GQLGY4X4L"',
24 silly get     age: '10',
24 silly get     connection: 'keep-alive',
24 silly get     'x-served-by': 'cache-atl6233-ATL',
24 silly get     'x-cache': 'HIT',
24 silly get     'x-cache-hits': '1',
24 silly get     'x-timer': 'S1439896035.806474,VS0,VE1',
24 silly get     vary: 'Accept' } ]
25 verbose etag https://registry.npmjs.org/react-tools from cache
26 verbose get saving react-tools to /home/nataly/.npm/registry.npmjs.org/react-tools/.cache.json
27 silly addNameRange number 2 { name: 'react-tools', range: '*', hasData: true }
28 silly addNameRange versions [ 'react-tools',
28 silly addNameRange   [ '0.3.0',
28 silly addNameRange     '0.3.1',
28 silly addNameRange     '0.3.2',
28 silly addNameRange     '0.3.3',
28 silly addNameRange     '0.4.0',
28 silly addNameRange     '0.4.1',
28 silly addNameRange     '0.5.0',
28 silly addNameRange     '0.5.1',
28 silly addNameRange     '0.4.2',
28 silly addNameRange     '0.5.2',
28 silly addNameRange     '0.8.0',
28 silly addNameRange     '0.9.0-rc1',
28 silly addNameRange     '0.9.0',
28 silly addNameRange     '0.10.0-rc1',
28 silly addNameRange     '0.10.0',
28 silly addNameRange     '0.11.0-rc1',
28 silly addNameRange     '0.11.0',
28 silly addNameRange     '0.11.1',
28 silly addNameRange     '0.11.2',
28 silly addNameRange     '0.12.0-rc1',
28 silly addNameRange     '0.12.0',
28 silly addNameRange     '0.12.1',
28 silly addNameRange     '0.12.2',
28 silly addNameRange     '0.13.0-alpha.1',
28 silly addNameRange     '0.13.0-alpha.2',
28 silly addNameRange     '0.13.0-beta.1',
28 silly addNameRange     '0.13.0-beta.2',
28 silly addNameRange     '0.13.0-rc1',
28 silly addNameRange     '0.13.0-rc2',
28 silly addNameRange     '0.13.0',
28 silly addNameRange     '0.13.1',
28 silly addNameRange     '0.13.2',
28 silly addNameRange     '0.13.3',
28 silly addNameRange     '0.14.0-alpha1',
28 silly addNameRange     '0.14.0-alpha2',
28 silly addNameRange     '0.14.0-alpha3' ] ]
29 silly addNamed react-tools@0.13.3
30 verbose addNamed "0.13.3" is a plain semver version for react-tools
31 silly cache afterAdd react-tools@0.13.3
32 verbose afterAdd /home/nataly/.npm/react-tools/0.13.3/package/package.json not in flight; writing
33 verbose afterAdd /home/nataly/.npm/react-tools/0.13.3/package/package.json written
34 silly install resolved [ { name: 'react-tools',
34 silly install resolved     description: 'A set of complementary tools to React, including the JSX transformer.',
34 silly install resolved     version: '0.13.3',
34 silly install resolved     keywords: [ 'react', 'jsx', 'transformer', 'view' ],
34 silly install resolved     homepage: 'https://facebook.github.io/react',
34 silly install resolved     bugs: { url: 'https://github.com/facebook/react/issues' },
34 silly install resolved     license: 'BSD-3-Clause',
34 silly install resolved     files:
34 silly install resolved      [ 'main.js',
34 silly install resolved        'bin/jsx',
34 silly install resolved        'src/',
34 silly install resolved        'vendor/fbtransform/',
34 silly install resolved        'vendor/inline-source-map.js' ],
34 silly install resolved     main: 'main.js',
34 silly install resolved     bin: { jsx: './bin/jsx' },
34 silly install resolved     repository:
34 silly install resolved      { type: 'git',
34 silly install resolved        url: 'git+https://github.com/facebook/react.git' },
34 silly install resolved     dependencies: { commoner: '^0.10.0', jstransform: '^10.1.0' },
34 silly install resolved     devDependencies:
34 silly install resolved      { benchmark: '~1.0.0',
34 silly install resolved        browserify: '^9.0.3',
34 silly install resolved        'bundle-collapser': '^1.1.1',
34 silly install resolved        'coffee-script': '^1.8.0',
34 silly install resolved        coverify: '~1.0.4',
34 silly install resolved        derequire: '^2.0.0',
34 silly install resolved        envify: '^3.0.0',
34 silly install resolved        es3ify: '~0.1.2',
34 silly install resolved        'es5-shim': '^4.0.0',
34 silly install resolved        eslint: '^0.14.1',
34 silly install resolved        'esprima-fb': '^13001.1001.0-dev-harmony-fb',
34 silly install resolved        grunt: '~0.4.2',
34 silly install resolved        'grunt-cli': '~0.1.9',
34 silly install resolved        'grunt-compare-size': '~0.4.0',
34 silly install resolved        'grunt-contrib-clean': '^0.6.0',
34 silly install resolved        'grunt-contrib-compress': '^0.13.0',
34 silly install resolved        'grunt-contrib-connect': '~0.6.0',
34 silly install resolved        'grunt-contrib-jshint': '^0.10.0',
34 silly install resolved        'grunt-jest': '^0.1.2',
34 silly install resolved        'gzip-js': '~0.3.2',
34 silly install resolved        'jasmine-tapreporter': '~0.2.2',
34 silly install resolved        'jest-cli': '^0.2.1',
34 silly install resolved        optimist: '~0.6.0',
34 silly install resolved        phantomjs: '~1.9',
34 silly install resolved        platform: '^1.1.0',
34 silly install resolved        populist: '~0.1.6',
34 silly install resolved        recast: '^0.9.11',
34 silly install resolved        'sauce-tunnel': '~1.1.0',
34 silly install resolved        tmp: '~0.0.18',
34 silly install resolved        typescript: '^1.4.0',
34 silly install resolved        'uglify-js': '^2.4.20',
34 silly install resolved        uglifyify: '^3.0.1',
34 silly install resolved        wd: '~0.2.6' },
34 silly install resolved     engines: { node: '>=0.10.0' },
34 silly install resolved     preferGlobal: true,
34 silly install resolved     commonerConfig: { version: 4 },
34 silly install resolved     scripts:
34 silly install resolved      { test: 'jest',
34 silly install resolved        jest: 'jest',
34 silly install resolved        lint: 'eslint src',
34 silly install resolved        build: 'grunt build' },
34 silly install resolved     jest:
34 silly install resolved      { rootDir: '',
34 silly install resolved        scriptPreprocessor: 'jest/preprocessor.js',
34 silly install resolved        setupEnvScriptFile: 'jest/environment.js',
34 silly install resolved        persistModuleRegistryBetweenSpecs: true,
34 silly install resolved        testFileExtensions: [Object],
34 silly install resolved        modulePathIgnorePatterns: [Object],
34 silly install resolved        testPathIgnorePatterns: [Object],
34 silly install resolved        unmockedModulePathPatterns: [Object] },
34 silly install resolved     _id: 'react-tools@0.13.3',
34 silly install resolved     _shasum: 'da6ac7d4d7777a59a5e951cf46e72fd4b6b40a2c',
34 silly install resolved     _resolved: 'https://registry.npmjs.org/react-tools/-/react-tools-0.13.3.tgz',
34 silly install resolved     _from: 'react-tools@*',
34 silly install resolved     _npmVersion: '2.7.3',
34 silly install resolved     _nodeVersion: '0.10.38',
34 silly install resolved     _npmUser: { name: 'zpao', email: 'paul@oshannessy.com' },
34 silly install resolved     maintainers: [ [Object], [Object] ],
34 silly install resolved     dist:
34 silly install resolved      { shasum: 'da6ac7d4d7777a59a5e951cf46e72fd4b6b40a2c',
34 silly install resolved        tarball: 'http://registry.npmjs.org/react-tools/-/react-tools-0.13.3.tgz' },
34 silly install resolved     directories: {},
34 silly install resolved     readme: 'ERROR: No README data found!' } ]
35 info install react-tools@0.13.3 into /usr/local/lib
36 info installOne react-tools@0.13.3
37 verbose installOne of react-tools to /usr/local/lib not in flight; installing
38 verbose lock using /home/nataly/.npm/_locks/react-tools-548e65591a6e6311.lock for /usr/local/lib/node_modules/react-tools
39 silly install write writing react-tools 0.13.3 to /usr/local/lib/node_modules/react-tools
40 verbose unbuild lib/node_modules/react-tools
41 silly gentlyRm /usr/local/lib/node_modules/react-tools is being purged from base /usr/local
42 verbose gentlyRm don't care about contents; nuking /usr/local/lib/node_modules/react-tools
43 verbose tar unpack /home/nataly/.npm/react-tools/0.13.3/package.tgz
44 verbose tar unpacking to /usr/local/lib/node_modules/react-tools
45 silly gentlyRm /usr/local/lib/node_modules/react-tools is being purged
46 verbose gentlyRm don't care about contents; nuking /usr/local/lib/node_modules/react-tools
47 silly gunzTarPerm modes [ '775', '664' ]
48 error tar.unpack untar error /home/nataly/.npm/react-tools/0.13.3/package.tgz
49 verbose unlock done using /home/nataly/.npm/_locks/react-tools-548e65591a6e6311.lock for /usr/local/lib/node_modules/react-tools
50 verbose fstream_path /usr/local/lib/node_modules/react-tools
51 verbose fstream_type Directory
52 verbose fstream_class DirWriter
53 verbose stack Error: EACCES, mkdir '/usr/local/lib/node_modules/react-tools'
53 verbose stack     at Error (native)
54 verbose fstream_stack /usr/local/lib/node_modules/npm/node_modules/fstream/lib/dir-writer.js:35:25
54 verbose fstream_stack /usr/local/lib/node_modules/npm/node_modules/mkdirp/index.js:47:53
54 verbose fstream_stack FSReqWrap.oncomplete (fs.js:95:15)
55 verbose cwd /home/nataly/prueba
56 error Linux 3.16.0-30-generic
57 error argv "/usr/local/bin/node" "/usr/local/bin/npm" "install" "-g" "react-tools"
58 error node v0.12.7
59 error npm  v2.11.3
60 error path /usr/local/lib/node_modules/react-tools
61 error code EACCES
62 error errno -13
63 error Error: EACCES, mkdir '/usr/local/lib/node_modules/react-tools'
63 error     at Error (native)
63 error  { [Error: EACCES, mkdir '/usr/local/lib/node_modules/react-tools']
63 error   errno: -13,
63 error   code: 'EACCES',
63 error   path: '/usr/local/lib/node_modules/react-tools',
63 error   fstream_type: 'Directory',
63 error   fstream_path: '/usr/local/lib/node_modules/react-tools',
63 error   fstream_class: 'DirWriter',
63 error   fstream_stack:
63 error    [ '/usr/local/lib/node_modules/npm/node_modules/fstream/lib/dir-writer.js:35:25',
63 error      '/usr/local/lib/node_modules/npm/node_modules/mkdirp/index.js:47:53',
63 error      'FSReqWrap.oncomplete (fs.js:95:15)' ] }
64 error Please try running this command again as root/Administrator.
65 verbose exit [ -13, true ]
66 verbose unbuild lib/node_modules/react-tools
67 silly gentlyRm /usr/local/lib/node_modules/react-tools is being purged from base /usr/local
68 verbose gentlyRm don't care about contents; nuking /usr/local/lib/node_modules/react-tools
